<?xml version="1.0" encoding="UTF-8"?>
<!-- Generated by org.testng.reporters.JUnitXMLReporter -->
<testsuite ignored="0" hostname="DESKTOP-2C5BCTS" failures="0" tests="7" name="Default test" time="12.858" errors="0" timestamp="2024-09-30T21:16:05 IST">
  <testcase classname="testcases.TestBoxTest" name="clickelements" time="0.1"/>
  <testcase classname="testcases.TestBoxTest" name="clicktextbox" time="0.127"/>
  <testcase classname="testcases.TestBoxTest" name="FullName" time="0.193"/>
  <testcase classname="testcases.TestBoxTest" name="Email" time="0.162"/>
  <testcase classname="testcases.TestBoxTest" name="CurrentAddress" time="0.226"/>
  <testcase classname="testcases.TestBoxTest" name="PermanentAddress" time="0.301"/>
  <testcase classname="testcases.TestBoxTest" name="clicksubmitbutton" time="0.165"/>
</testsuite> <!-- Default test -->
