<?xml version="1.0" encoding="UTF-8"?>
<!-- Generated by org.testng.reporters.JUnitXMLReporter -->
<testsuite ignored="0" hostname="MayankVerma" failures="0" tests="8" name="TestBoxTest" time="16.836" errors="0" timestamp="2024-10-04T22:17:47 IST">
  <testcase classname="testcases.TestBoxTest" name="clickelements" time="0.072"/>
  <testcase classname="testcases.TestBoxTest" name="clicktextbox" time="0.134"/>
  <testcase classname="testcases.TestBoxTest" name="FullName" time="0.172"/>
  <testcase classname="testcases.TestBoxTest" name="Email" time="0.149"/>
  <testcase classname="testcases.TestBoxTest" name="CurrentAddress" time="0.16"/>
  <testcase classname="testcases.TestBoxTest" name="PermanentAddress" time="0.165"/>
  <testcase classname="testcases.TestBoxTest" name="clicksubmitbutton" time="0.121"/>
  <testcase classname="testcases.TestBoxTest" name="verify" time="0.154"/>
</testsuite> <!-- TestBoxTest -->
