<?xml version="1.0" encoding="UTF-8"?>
<testng-results ignored="0" total="9" passed="9" failed="0" skipped="0">
  <reporter-output>
  </reporter-output>
  <suite started-at="2024-10-04T22:17:15 IST" name="Suite" finished-at="2024-10-04T22:17:47 IST" duration-ms="31995">
    <groups>
    </groups>
    <test started-at="2024-10-04T22:17:15 IST" name="LoginTest" finished-at="2024-10-04T22:17:30 IST" duration-ms="15053">
      <class name="testcases.LoginTest">
        <test-method is-config="true" signature="LauchURL()[pri:0, instance:testcases.LoginTest@62150f9e]" started-at="2024-10-04T22:17:15 IST" name="LauchURL" finished-at="2024-10-04T22:17:27 IST" duration-ms="12239" status="PASS">
          <reporter-output>
          </reporter-output>
        </test-method> <!-- LauchURL -->
        <test-method signature="pageTitel()[pri:0, instance:testcases.LoginTest@62150f9e]" started-at="2024-10-04T22:17:27 IST" name="pageTitel" finished-at="2024-10-04T22:17:27 IST" duration-ms="38" status="PASS">
          <reporter-output>
          </reporter-output>
        </test-method> <!-- pageTitel -->
        <test-method is-config="true" signature="TearDown()[pri:0, instance:testcases.LoginTest@62150f9e]" started-at="2024-10-04T22:17:27 IST" name="TearDown" finished-at="2024-10-04T22:17:30 IST" duration-ms="2721" status="PASS">
          <reporter-output>
          </reporter-output>
        </test-method> <!-- TearDown -->
      </class> <!-- testcases.LoginTest -->
    </test> <!-- LoginTest -->
    <test started-at="2024-10-04T22:17:30 IST" name="TestBoxTest" finished-at="2024-10-04T22:17:47 IST" duration-ms="16836">
      <class name="testcases.TestBoxTest">
        <test-method is-config="true" signature="LauchURL()[pri:0, instance:testcases.TestBoxTest@5b8dfcc1]" started-at="2024-10-04T22:17:30 IST" name="LauchURL" finished-at="2024-10-04T22:17:41 IST" duration-ms="10877" status="PASS">
          <reporter-output>
          </reporter-output>
        </test-method> <!-- LauchURL -->
        <test-method signature="clickelements()[pri:0, instance:testcases.TestBoxTest@5b8dfcc1]" started-at="2024-10-04T22:17:41 IST" name="clickelements" finished-at="2024-10-04T22:17:41 IST" duration-ms="72" status="PASS">
          <reporter-output>
          </reporter-output>
        </test-method> <!-- clickelements -->
        <test-method signature="clicktextbox()[pri:1, instance:testcases.TestBoxTest@5b8dfcc1]" started-at="2024-10-04T22:17:41 IST" name="clicktextbox" finished-at="2024-10-04T22:17:41 IST" duration-ms="134" status="PASS">
          <reporter-output>
          </reporter-output>
        </test-method> <!-- clicktextbox -->
        <test-method signature="FullName()[pri:2, instance:testcases.TestBoxTest@5b8dfcc1]" started-at="2024-10-04T22:17:41 IST" name="FullName" finished-at="2024-10-04T22:17:41 IST" duration-ms="172" status="PASS">
          <reporter-output>
          </reporter-output>
        </test-method> <!-- FullName -->
        <test-method signature="Email()[pri:3, instance:testcases.TestBoxTest@5b8dfcc1]" started-at="2024-10-04T22:17:41 IST" name="Email" finished-at="2024-10-04T22:17:42 IST" duration-ms="149" status="PASS">
          <reporter-output>
          </reporter-output>
        </test-method> <!-- Email -->
        <test-method signature="CurrentAddress()[pri:4, instance:testcases.TestBoxTest@5b8dfcc1]" started-at="2024-10-04T22:17:42 IST" name="CurrentAddress" finished-at="2024-10-04T22:17:42 IST" duration-ms="160" status="PASS">
          <reporter-output>
          </reporter-output>
        </test-method> <!-- CurrentAddress -->
        <test-method signature="PermanentAddress()[pri:5, instance:testcases.TestBoxTest@5b8dfcc1]" started-at="2024-10-04T22:17:42 IST" name="PermanentAddress" finished-at="2024-10-04T22:17:42 IST" duration-ms="165" status="PASS">
          <reporter-output>
          </reporter-output>
        </test-method> <!-- PermanentAddress -->
        <test-method signature="clicksubmitbutton()[pri:6, instance:testcases.TestBoxTest@5b8dfcc1]" started-at="2024-10-04T22:17:42 IST" name="clicksubmitbutton" finished-at="2024-10-04T22:17:42 IST" duration-ms="121" status="PASS">
          <reporter-output>
          </reporter-output>
        </test-method> <!-- clicksubmitbutton -->
        <test-method signature="verify()[pri:7, instance:testcases.TestBoxTest@5b8dfcc1]" started-at="2024-10-04T22:17:42 IST" name="verify" finished-at="2024-10-04T22:17:42 IST" duration-ms="154" status="PASS">
          <reporter-output>
          </reporter-output>
        </test-method> <!-- verify -->
        <test-method is-config="true" signature="TearDown()[pri:0, instance:testcases.TestBoxTest@5b8dfcc1]" started-at="2024-10-04T22:17:42 IST" name="TearDown" finished-at="2024-10-04T22:17:47 IST" duration-ms="4799" status="PASS">
          <reporter-output>
          </reporter-output>
        </test-method> <!-- TearDown -->
      </class> <!-- testcases.TestBoxTest -->
    </test> <!-- TestBoxTest -->
  </suite> <!-- Suite -->
</testng-results>
