<?xml version="1.0" encoding="UTF-8"?>
<testng-results ignored="0" total="1" passed="1" failed="0" skipped="0">
  <reporter-output>
  </reporter-output>
  <suite started-at="2024-09-25T00:54:15 IST" name="Default suite" finished-at="2024-09-25T00:55:32 IST" duration-ms="76949">
    <groups>
    </groups>
    <test started-at="2024-09-25T00:54:15 IST" name="Default test" finished-at="2024-09-25T00:55:32 IST" duration-ms="76949">
      <class name="testcases.SignupTest">
        <test-method is-config="true" signature="setup()[pri:0, instance:testcases.SignupTest@293a5bf6]" started-at="2024-09-25T00:54:16 IST" name="setup" finished-at="2024-09-25T00:55:28 IST" duration-ms="72082" status="PASS">
          <reporter-output>
          </reporter-output>
        </test-method> <!-- setup -->
        <test-method signature="RegistrationPageSignupbtn()[pri:0, instance:testcases.SignupTest@293a5bf6]" started-at="2024-09-25T00:55:28 IST" name="RegistrationPageSignupbtn" finished-at="2024-09-25T00:55:32 IST" duration-ms="4136" status="PASS">
          <reporter-output>
          </reporter-output>
        </test-method> <!-- RegistrationPageSignupbtn -->
        <test-method is-config="true" signature="tearDown()[pri:0, instance:testcases.SignupTest@293a5bf6]" started-at="2024-09-25T00:55:32 IST" name="tearDown" finished-at="2024-09-25T00:55:32 IST" duration-ms="643" status="PASS">
          <reporter-output>
          </reporter-output>
        </test-method> <!-- tearDown -->
      </class> <!-- testcases.SignupTest -->
    </test> <!-- Default test -->
  </suite> <!-- Default suite -->
</testng-results>
